<?xml version="1.0" encoding="UTF-8"?>
<!-- Generated by org.testng.reporters.JUnitReportReporter -->
<testsuite hostname="Srikanths-MacBook-Air.local" failures="0" tests="1" name="com.saleforceaccount.Tests.LeadTest" time="28.021" errors="0" timestamp="2023-03-26T13:46:21 GMT-04:00" skipped="0">
  <testcase classname="com.saleforceaccount.Tests.LeadTest" name="TC23" time="28.021"/>
  <system-out/>
</testsuite> <!-- com.saleforceaccount.Tests.LeadTest -->
