<?xml version="1.0" encoding="UTF-8"?>
<!-- Generated by org.testng.reporters.JUnitReportReporter -->
<testsuite hostname="Srikanths-MacBook-Air.local" failures="0" tests="1" name="com.saleforceaccount.Tests.LoginTest" time="20.778" errors="0" timestamp="2023-03-19T16:16:06 GMT-04:00" skipped="0">
  <testcase classname="com.saleforceaccount.Tests.LoginTest" name="TC07" time="20.778"/>
  <system-out/>
</testsuite> <!-- com.saleforceaccount.Tests.LoginTest -->
